<?xml version="1.0" encoding="UTF-8"?>
<!-- Generated by org.testng.reporters.JUnitReportReporter -->
<testsuite hostname="NSWSYDNLP192" failures="0" tests="1" name="com.projectname.tests.Test_001" time="21.740" errors="0" timestamp="23 Aug 2020 12:31:48 GMT">
  <testcase classname="com.projectname.tests.Test_001" name="tcase1" time="21.740"/>
</testsuite> <!-- com.projectname.tests.Test_001 -->
