<?xml version="1.0" encoding="UTF-8"?>
<!-- Generated by org.testng.reporters.JUnitReportReporter -->
<testsuite hostname="NSWSYDNLP295" failures="0" tests="1" name="com.projectname.tests.Test_001" time="46.805" errors="0" timestamp="1 Sep 2020 22:26:29 GMT">
  <testcase classname="com.projectname.tests.Test_001" name="tcase1" time="46.805"/>
</testsuite> <!-- com.projectname.tests.Test_001 -->
