<?xml version="1.0" encoding="UTF-8"?>
<!-- Generated by org.testng.reporters.JUnitReportReporter -->
<testsuite hostname="NSWSYDNLP295" failures="0" tests="1" name="com.projectname.tests.Test_001" time="53.241" errors="0" timestamp="30 Aug 2020 23:28:37 GMT">
  <testcase classname="com.projectname.tests.Test_001" name="tcase1" time="53.241"/>
</testsuite> <!-- com.projectname.tests.Test_001 -->
