<?xml version="1.0" encoding="UTF-8"?>
<!-- Generated by org.testng.reporters.JUnitReportReporter -->
<testsuite hostname="NSWSYDNLP295" failures="0" tests="1" name="com.projectname.tests.Test_001" time="22.419" errors="0" timestamp="24 Aug 2020 01:51:10 GMT">
  <testcase classname="com.projectname.tests.Test_001" name="tcase1" time="22.419"/>
</testsuite> <!-- com.projectname.tests.Test_001 -->
