<?xml version="1.0" encoding="UTF-8"?>
<!-- Generated by org.testng.reporters.JUnitReportReporter -->
<testsuite hostname="NSWSYDNLP192" failures="0" tests="1" name="com.projectname.tests.Test_001" time="31.168" errors="0" timestamp="28 Aug 2020 06:14:17 GMT">
  <testcase classname="com.projectname.tests.Test_001" name="tcase1" time="31.168"/>
</testsuite> <!-- com.projectname.tests.Test_001 -->
