<?xml version="1.0" encoding="UTF-8"?>
<!-- Generated by org.testng.reporters.JUnitReportReporter -->
<testsuite hostname="NSWSYDNLP192" failures="0" tests="1" name="com.projectname.tests.TC_001" time="24.518" errors="0" timestamp="20 Aug 2020 03:45:46 GMT">
  <testcase classname="com.projectname.tests.TC_001" name="tcase1" time="24.518"/>
</testsuite> <!-- com.projectname.tests.TC_001 -->
