<?xml version="1.0" encoding="UTF-8"?>
<!-- Generated by org.testng.reporters.JUnitReportReporter -->
<testsuite hostname="NSWSYDNLP192" failures="0" tests="1" name="com.projectname.tests.Test_001" time="19.620" errors="0" timestamp="20 Aug 2020 04:46:37 GMT">
  <testcase classname="com.projectname.tests.Test_001" name="tcase1" time="19.620"/>
</testsuite> <!-- com.projectname.tests.Test_001 -->
